<?xml version="1.0" encoding="UTF-8"?>
<testng-results total="2" passed="2" failed="0" skipped="0">
  <reporter-output>
  </reporter-output>
  <suite started-at="2021-06-25T12:09:49Z" name="Suite" finished-at="2021-06-25T12:11:20Z" duration-ms="90966">
    <groups>
    </groups>
    <test started-at="2021-06-25T12:09:49Z" name="Test" finished-at="2021-06-25T12:11:20Z" duration-ms="90966">
      <class name="Test_Program1">
        <test-method signature="test1()[pri:0, instance:Test_Program1@1ef6d34c]" started-at="2021-06-25T17:39:49Z" name="test1" finished-at="2021-06-25T17:40:39Z" duration-ms="50369" status="PASS">
          <reporter-output>
          </reporter-output>
        </test-method> <!-- test1 -->
        <test-method signature="test2()[pri:0, instance:Test_Program1@1ef6d34c]" started-at="2021-06-25T17:40:39Z" name="test2" finished-at="2021-06-25T17:41:20Z" duration-ms="40535" status="PASS">
          <reporter-output>
          </reporter-output>
        </test-method> <!-- test2 -->
      </class> <!-- Test_Program1 -->
    </test> <!-- Test -->
  </suite> <!-- Suite -->
</testng-results>
